<?xml version="1.0" encoding="UTF-8"?>
<robot generator="Robot 3.2.2 (Python 3.9.0 on win32)" generated="20201022 19:05:29.345" rpa="false">
<suite id="s1" name="Test" source="D:\qa_studyguide\robot_beginner\test.robot">
<test id="s1-t1" name="Deve retornar mensagem de boas vindas">
<kw name="Welcome" library="app">
<arguments>
<arg>Rafael</arg>
</arguments>
<assign>
<var>${result}</var>
</assign>
<msg timestamp="20201022 19:05:29.372" level="INFO">${result} = Olá Rafael, bem vindo ao Robot Beginner!</msg>
<status status="PASS" starttime="20201022 19:05:29.372" endtime="20201022 19:05:29.372"></status>
</kw>
<kw name="Should Be Equal" library="BuiltIn">
<doc>Fails if the given objects are unequal.</doc>
<arguments>
<arg>${result}</arg>
<arg>Olá Rafael, bem vindo ao Robot Beginner!</arg>
</arguments>
<status status="PASS" starttime="20201022 19:05:29.372" endtime="20201022 19:05:29.373"></status>
</kw>
<status status="PASS" starttime="20201022 19:05:29.371" endtime="20201022 19:05:29.373" critical="yes"></status>
</test>
<status status="PASS" starttime="20201022 19:05:29.347" endtime="20201022 19:05:29.374"></status>
</suite>
<statistics>
<total>
<stat pass="1" fail="0">Critical Tests</stat>
<stat pass="1" fail="0">All Tests</stat>
</total>
<tag>
</tag>
<suite>
<stat pass="1" fail="0" id="s1" name="Test">Test</stat>
</suite>
</statistics>
<errors>
</errors>
</robot>
