<?xml version="1.0" encoding="UTF-8"?>
<robot generator="Robot 3.2.2 (Python 3.9.0 on win32)" generated="20201027 14:07:26.092" rpa="false">
<suite id="s1" name="Title" source="D:\qa_studyguide\robot_beginner\web\title.robot">
<test id="s1-t1" name="Should See Page Title">
<kw name="Open Browser" library="SeleniumLibrary">
<doc>Opens a new browser instance to the optional ``url``.</doc>
<arguments>
<arg>http://training-wheels-protocol.herokuapp.com/</arg>
<arg>chrome</arg>
</arguments>
<msg timestamp="20201027 14:07:26.285" level="INFO">Opening browser 'chrome' to base url 'http://training-wheels-protocol.herokuapp.com/'.</msg>
<status status="PASS" starttime="20201027 14:07:26.284" endtime="20201027 14:07:32.496"></status>
</kw>
<kw name="Title Should Be" library="SeleniumLibrary">
<doc>Verifies that the current page title equals ``title``.</doc>
<arguments>
<arg>Training Wheels Protocol</arg>
</arguments>
<msg timestamp="20201027 14:07:32.506" level="INFO">Page title is 'Training Wheels Protocol'.</msg>
<status status="PASS" starttime="20201027 14:07:32.497" endtime="20201027 14:07:32.506"></status>
</kw>
<kw name="Close Browser" library="SeleniumLibrary">
<doc>Closes the current browser.</doc>
<status status="PASS" starttime="20201027 14:07:32.509" endtime="20201027 14:07:34.754"></status>
</kw>
<status status="PASS" starttime="20201027 14:07:26.284" endtime="20201027 14:07:34.755" critical="yes"></status>
</test>
<status status="PASS" starttime="20201027 14:07:26.093" endtime="20201027 14:07:34.757"></status>
</suite>
<statistics>
<total>
<stat pass="1" fail="0">Critical Tests</stat>
<stat pass="1" fail="0">All Tests</stat>
</total>
<tag>
</tag>
<suite>
<stat pass="1" fail="0" id="s1" name="Title">Title</stat>
</suite>
</statistics>
<errors>
</errors>
</robot>
