<?xml version="1.0" encoding="UTF-8"?>
<robot generator="Robot 3.2.2 (Python 3.9.0 on win32)" generated="20201027 13:59:46.309" rpa="false">
<suite id="s1" name="Title" source="D:\qa_studyguide\robot_beginner\web\title.robot">
<test id="s1-t1" name="Should See Page Title">
<kw name="Open Browser" library="SeleniumLibrary">
<doc>Opens a new browser instance to the optional ``url``.</doc>
<arguments>
<arg>http://training-wheels-protocol.herokuapp.com/</arg>
<arg>chrome</arg>
</arguments>
<msg timestamp="20201027 13:59:47.237" level="INFO">Opening browser 'chrome' to base url 'http://training-wheels-protocol.herokuapp.com/'.</msg>
<status status="PASS" starttime="20201027 13:59:47.237" endtime="20201027 13:59:53.533"></status>
</kw>
<kw name="Title Should Be" library="SeleniumLibrary">
<doc>Verifies that the current page title equals ``title``.</doc>
<arguments>
<arg>Training Wheels Protocol</arg>
</arguments>
<msg timestamp="20201027 13:59:53.540" level="INFO">Page title is 'Training Wheels Protocol'.</msg>
<status status="PASS" starttime="20201027 13:59:53.534" endtime="20201027 13:59:53.540"></status>
</kw>
<status status="PASS" starttime="20201027 13:59:47.236" endtime="20201027 13:59:53.542" critical="yes"></status>
</test>
<status status="PASS" starttime="20201027 13:59:46.310" endtime="20201027 13:59:53.546"></status>
</suite>
<statistics>
<total>
<stat pass="1" fail="0">Critical Tests</stat>
<stat pass="1" fail="0">All Tests</stat>
</total>
<tag>
</tag>
<suite>
<stat pass="1" fail="0" id="s1" name="Title">Title</stat>
</suite>
</statistics>
<errors>
</errors>
</robot>
